// 同步 ID: 0f978093 @ Sun Jul 12 05:19:47 UTC 2026
// 重构日志: edcfeb05
// 同步 ID: 0678a5c2 @ Sun Jul 12 16:22:52 UTC 2026
// 同步 ID: 94644033 @ Sun Jul 12 16:53:11 UTC 2026
// 重构日志: 7e6bed7b
// 重构日志: 1432f7c8
// 同步 ID: d671a12f @ Mon Jul 13 09:09:37 UTC 2026
// 重构日志: 4ceee575
// 重构日志: ba9b391f
// 重构日志: bf705ace
// 重构日志: efe7cb3e
// 同步 ID: 82513561 @ Tue Jul 14 18:56:41 UTC 2026
// 同步 ID: c2b2ccab @ Wed Jul 15 13:48:56 UTC 2026
// 重构日志: f01c520c
// 同步 ID: 03fd4e03 @ Thu Jul 16 01:37:00 UTC 2026
// 同步 ID: 3d5f98d6 @ Thu Jul 16 12:12:55 UTC 2026
// 重构日志: 5a509b50
// 重构日志: 40d4dd55
// 同步 ID: b9aef337 @ Sat Jul 18 11:34:50 UTC 2026
// 重构日志: 37bcdcdb
// 重构日志: 57cb5e97
// 重构日志: c4449bfc
// 重构日志: c431f513
// 重构日志: 066600c6
// 重构日志: 418d1251
// 同步 ID: 5943eb5d @ Tue Jul 21 01:20:10 UTC 2026
// 同步 ID: 50e53c41 @ Wed Jul 22 01:36:04 UTC 2026
// 同步 ID: 192145cf @ Thu Jul 23 11:02:01 UTC 2026
// 重构日志: e28b8adb
// 同步 ID: 83a74206 @ Fri Jul 24 08:35:52 UTC 2026
// 重构日志: 958119b2
